#
# There is insufficient memory for the Java Runtime Environment to continue.
# Native memory allocation (malloc) failed to allocate 3023696 bytes for Chunk::new
# Possible reasons:
#   The system is out of physical RAM or swap space
#   In 32 bit mode, the process size limit was hit
# Possible solutions:
#   Reduce memory load on the system
#   Increase physical memory or swap space
#   Check if swap backing store is full
#   Use 64 bit Java on a 64 bit OS
#   Decrease Java heap size (-Xmx/-Xms)
#   Decrease number of Java threads
#   Decrease Java thread stack sizes (-Xss)
#   Set larger code cache with -XX:ReservedCodeCacheSize=
# This output file may be truncated or incomplete.
#
#  Out of Memory Error (allocation.cpp:390), pid=176584, tid=0x0000000000026b50
#
# JRE version: Java(TM) SE Runtime Environment (8.0_151-b12) (build 1.8.0_151-b12)
# Java VM: Java HotSpot(TM) 64-Bit Server VM (25.151-b12 mixed mode windows-amd64 compressed oops)
# Failed to write core dump. Minidumps are not enabled by default on client versions of Windows
#

---------------  T H R E A D  ---------------

Current thread (0x000000002088d800):  JavaThread "C2 CompilerThread2" daemon [_thread_in_native, id=158544, stack(0x0000000021380000,0x0000000021480000)]

Stack: [0x0000000021380000,0x0000000021480000]
[error occurred during error reporting (printing stack bounds), id 0xc0000005]

Native frames: (J=compiled Java code, j=interpreted, Vv=VM code, C=native code)


Current CompileTask:
C2:  33938 6340   !   4       org.springframework.core.annotation.AnnotatedElementUtils::searchOnInterfaces (173 bytes)


---------------  P R O C E S S  ---------------

Java Threads: ( => current thread )
  0x0000000029ae6800 JavaThread "HikariPool-1 housekeeper" daemon [_thread_blocked, id=104096, stack(0x0000000028180000,0x0000000028280000)]
  0x0000000029ae1800 JavaThread "Abandoned connection cleanup thread" daemon [_thread_blocked, id=119464, stack(0x0000000027210000,0x0000000027310000)]
  0x0000000020951800 JavaThread "Service Thread" daemon [_thread_blocked, id=143560, stack(0x0000000021580000,0x0000000021680000)]
  0x0000000020883800 JavaThread "C1 CompilerThread3" daemon [_thread_blocked, id=127572, stack(0x0000000021480000,0x0000000021580000)]
=>0x000000002088d800 JavaThread "C2 CompilerThread2" daemon [_thread_in_native, id=158544, stack(0x0000000021380000,0x0000000021480000)]
  0x00000000208a2000 JavaThread "C2 CompilerThread1" daemon [_thread_in_native, id=25016, stack(0x0000000021280000,0x0000000021380000)]
  0x0000000020843000 JavaThread "C2 CompilerThread0" daemon [_thread_in_native, id=128136, stack(0x0000000021180000,0x0000000021280000)]
  0x0000000020845000 JavaThread "Monitor Ctrl-Break" daemon [_thread_in_native, id=111792, stack(0x0000000021080000,0x0000000021180000)]
  0x00000000207b5800 JavaThread "Attach Listener" daemon [_thread_blocked, id=184212, stack(0x0000000020f70000,0x0000000021070000)]
  0x00000000207b3800 JavaThread "Signal Dispatcher" daemon [_thread_blocked, id=108980, stack(0x0000000020e70000,0x0000000020f70000)]
  0x000000001e8b8800 JavaThread "Finalizer" daemon [_thread_blocked, id=177604, stack(0x0000000020b80000,0x0000000020c80000)]
  0x000000001e8b1800 JavaThread "Reference Handler" daemon [_thread_blocked, id=118712, stack(0x0000000020680000,0x0000000020780000)]
  0x0000000004d1f800 JavaThread "main" [_thread_in_native, id=8188, stack(0x0000000004c10000,0x0000000004d10000)]

Other Threads:
  0x000000001e8a7800 VMThread [stack: 0x0000000020580000,0x0000000020680000] [id=39032]
  0x00000000209f3800 WatcherThread [stack: 0x0000000021680000,0x0000000021780000] [id=57332]

VM state:not at safepoint (normal execution)

VM Mutex/Monitor currently owned by a thread: None

Heap:
 PSYoungGen      total 463872K, used 422055K [0x000000076b980000, 0x0000000790e80000, 0x00000007c0000000)
  eden space 437248K, 96% used [0x000000076b980000,0x00000007855a9ea0,0x0000000786480000)
  from space 26624K, 0% used [0x0000000786480000,0x0000000786480000,0x0000000787e80000)
  to   space 26624K, 0% used [0x000000078f480000,0x000000078f480000,0x0000000790e80000)
 ParOldGen       total 204288K, used 55908K [0x00000006c2c00000, 0x00000006cf380000, 0x000000076b980000)
  object space 204288K, 27% used [0x00000006c2c00000,0x00000006c62990f0,0x00000006cf380000)
 Metaspace       used 67410K, capacity 70295K, committed 70656K, reserved 1110016K
  class space    used 8577K, capacity 9091K, committed 9216K, reserved 1048576K

Card table byte_map: [0x00000000142f0000,0x0000000014ae0000] byte_map_base: 0x0000000010cda000

Marking Bits: (ParMarkBitMap*) 0x000000005aa9d850
 Begin Bits: [0x0000000015830000, 0x0000000019780000)
 End Bits:   [0x0000000019780000, 0x000000001d6d0000)

Polling page: 0x0000000003100000

CodeCache: size=245760Kb used=24192Kb max_used=24192Kb free=221567Kb
 bounds [0x0000000004f30000, 0x0000000006720000, 0x0000000013f30000]
 total_blobs=5941 nmethods=5390 adapters=462
 compilation: enabled

Compilation events (10 events):
Event: 33.826 Thread 0x0000000020883800 6570       3       org.springframework.cglib.core.ClassEmitter::setTarget (73 bytes)
Event: 33.826 Thread 0x0000000020883800 nmethod 6570 0x0000000005e48650 code [0x0000000005e48820, 0x0000000005e48cf8]
Event: 33.826 Thread 0x0000000020883800 6571       3       org.springframework.cglib.core.ClassEmitter::begin_class (205 bytes)
Event: 33.829 Thread 0x0000000020883800 nmethod 6571 0x0000000005e45f50 code [0x0000000005e462e0, 0x0000000005e478c8]
Event: 33.829 Thread 0x0000000020883800 6572       3       org.springframework.cglib.core.ClassEmitter$1::<init> (47 bytes)
Event: 33.829 Thread 0x0000000020883800 nmethod 6572 0x0000000005e457d0 code [0x0000000005e45980, 0x0000000005e45d48]
Event: 33.831 Thread 0x0000000020883800 6574       3       org.springframework.cglib.core.ClassEmitter::end_class (165 bytes)
Event: 33.832 Thread 0x0000000020883800 nmethod 6574 0x0000000005e44390 code [0x0000000005e44660, 0x0000000005e45328]
Event: 33.848 Thread 0x0000000020883800 6576       3       org.springframework.cglib.core.CodeEmitter::dup_x1 (23 bytes)
Event: 33.849 Thread 0x0000000020883800 nmethod 6576 0x0000000005e43e90 code [0x0000000005e44020, 0x0000000005e442a8]

GC Heap History (10 events):
Event: 11.287 GC heap before
{Heap before GC invocations=12 (full 2):
 PSYoungGen      total 360448K, used 17797K [0x000000076b980000, 0x0000000784300000, 0x00000007c0000000)
  eden space 339968K, 0% used [0x000000076b980000,0x000000076b980000,0x0000000780580000)
  from space 20480K, 86% used [0x0000000781b00000,0x0000000782c61458,0x0000000782f00000)
  to   space 22016K, 0% used [0x0000000780580000,0x0000000780580000,0x0000000781b00000)
 ParOldGen       total 94208K, used 20846K [0x00000006c2c00000, 0x00000006c8800000, 0x000000076b980000)
  object space 94208K, 22% used [0x00000006c2c00000,0x00000006c405ba80,0x00000006c8800000)
 Metaspace       used 34512K, capacity 35479K, committed 35496K, reserved 1081344K
  class space    used 4260K, capacity 4480K, committed 4480K, reserved 1048576K
Event: 11.583 GC heap after
Heap after GC invocations=12 (full 2):
 PSYoungGen      total 360448K, used 0K [0x000000076b980000, 0x0000000784300000, 0x00000007c0000000)
  eden space 339968K, 0% used [0x000000076b980000,0x000000076b980000,0x0000000780580000)
  from space 20480K, 0% used [0x0000000781b00000,0x0000000781b00000,0x0000000782f00000)
  to   space 22016K, 0% used [0x0000000780580000,0x0000000780580000,0x0000000781b00000)
 ParOldGen       total 145920K, used 32699K [0x00000006c2c00000, 0x00000006cba80000, 0x000000076b980000)
  object space 145920K, 22% used [0x00000006c2c00000,0x00000006c4beeea0,0x00000006cba80000)
 Metaspace       used 34512K, capacity 35479K, committed 35496K, reserved 1081344K
  class space    used 4260K, capacity 4480K, committed 4480K, reserved 1048576K
}
Event: 22.260 GC heap before
{Heap before GC invocations=13 (full 2):
 PSYoungGen      total 360448K, used 339968K [0x000000076b980000, 0x0000000784300000, 0x00000007c0000000)
  eden space 339968K, 100% used [0x000000076b980000,0x0000000780580000,0x0000000780580000)
  from space 20480K, 0% used [0x0000000781b00000,0x0000000781b00000,0x0000000782f00000)
  to   space 22016K, 0% used [0x0000000780580000,0x0000000780580000,0x0000000781b00000)
 ParOldGen       total 145920K, used 32699K [0x00000006c2c00000, 0x00000006cba80000, 0x000000076b980000)
  object space 145920K, 22% used [0x00000006c2c00000,0x00000006c4beeea0,0x00000006cba80000)
 Metaspace       used 42653K, capacity 43945K, committed 44288K, reserved 1087488K
  class space    used 5500K, capacity 5766K, committed 5888K, reserved 1048576K
Event: 22.298 GC heap after
Heap after GC invocations=13 (full 2):
 PSYoungGen      total 361984K, used 22007K [0x000000076b980000, 0x0000000789e00000, 0x00000007c0000000)
  eden space 339968K, 0% used [0x000000076b980000,0x000000076b980000,0x0000000780580000)
  from space 22016K, 99% used [0x0000000780580000,0x0000000781afde88,0x0000000781b00000)
  to   space 25600K, 0% used [0x0000000788500000,0x0000000788500000,0x0000000789e00000)
 ParOldGen       total 145920K, used 34654K [0x00000006c2c00000, 0x00000006cba80000, 0x000000076b980000)
  object space 145920K, 23% used [0x00000006c2c00000,0x00000006c4dd7988,0x00000006cba80000)
 Metaspace       used 42653K, capacity 43945K, committed 44288K, reserved 1087488K
  class space    used 5500K, capacity 5766K, committed 5888K, reserved 1048576K
}
Event: 28.195 GC heap before
{Heap before GC invocations=14 (full 2):
 PSYoungGen      total 361984K, used 361975K [0x000000076b980000, 0x0000000789e00000, 0x00000007c0000000)
  eden space 339968K, 100% used [0x000000076b980000,0x0000000780580000,0x0000000780580000)
  from space 22016K, 99% used [0x0000000780580000,0x0000000781afde88,0x0000000781b00000)
  to   space 25600K, 0% used [0x0000000788500000,0x0000000788500000,0x0000000789e00000)
 ParOldGen       total 145920K, used 34654K [0x00000006c2c00000, 0x00000006cba80000, 0x000000076b980000)
  object space 145920K, 23% used [0x00000006c2c00000,0x00000006c4dd7988,0x00000006cba80000)
 Metaspace       used 55118K, capacity 57007K, committed 57216K, reserved 1099776K
  class space    used 6906K, capacity 7295K, committed 7296K, reserved 1048576K
Event: 28.228 GC heap after
Heap after GC invocations=14 (full 2):
 PSYoungGen      total 453632K, used 19480K [0x000000076b980000, 0x0000000789880000, 0x00000007c0000000)
  eden space 433664K, 0% used [0x000000076b980000,0x000000076b980000,0x0000000786100000)
  from space 19968K, 97% used [0x0000000788500000,0x0000000789806018,0x0000000789880000)
  to   space 26624K, 0% used [0x0000000786480000,0x0000000786480000,0x0000000787e80000)
 ParOldGen       total 145920K, used 46222K [0x00000006c2c00000, 0x00000006cba80000, 0x000000076b980000)
  object space 145920K, 31% used [0x00000006c2c00000,0x00000006c5923bc0,0x00000006cba80000)
 Metaspace       used 55118K, capacity 57007K, committed 57216K, reserved 1099776K
  class space    used 6906K, capacity 7295K, committed 7296K, reserved 1048576K
}
Event: 28.682 GC heap before
{Heap before GC invocations=15 (full 2):
 PSYoungGen      total 453632K, used 78070K [0x000000076b980000, 0x0000000789880000, 0x00000007c0000000)
  eden space 433664K, 13% used [0x000000076b980000,0x000000076f2b7a28,0x0000000786100000)
  from space 19968K, 97% used [0x0000000788500000,0x0000000789806018,0x0000000789880000)
  to   space 26624K, 0% used [0x0000000786480000,0x0000000786480000,0x0000000787e80000)
 ParOldGen       total 145920K, used 46222K [0x00000006c2c00000, 0x00000006cba80000, 0x000000076b980000)
  object space 145920K, 31% used [0x00000006c2c00000,0x00000006c5923bc0,0x00000006cba80000)
 Metaspace       used 57081K, capacity 58997K, committed 59160K, reserved 1101824K
  class space    used 7171K, capacity 7552K, committed 7552K, reserved 1048576K
Event: 28.696 GC heap after
Heap after GC invocations=15 (full 2):
 PSYoungGen      total 463872K, used 17645K [0x000000076b980000, 0x0000000790e80000, 0x00000007c0000000)
  eden space 437248K, 0% used [0x000000076b980000,0x000000076b980000,0x0000000786480000)
  from space 26624K, 66% used [0x0000000786480000,0x00000007875bb438,0x0000000787e80000)
  to   space 26624K, 0% used [0x000000078f480000,0x000000078f480000,0x0000000790e80000)
 ParOldGen       total 145920K, used 46238K [0x00000006c2c00000, 0x00000006cba80000, 0x000000076b980000)
  object space 145920K, 31% used [0x00000006c2c00000,0x00000006c5927bd0,0x00000006cba80000)
 Metaspace       used 57081K, capacity 58997K, committed 59160K, reserved 1101824K
  class space    used 7171K, capacity 7552K, committed 7552K, reserved 1048576K
}
Event: 28.696 GC heap before
{Heap before GC invocations=16 (full 3):
 PSYoungGen      total 463872K, used 17645K [0x000000076b980000, 0x0000000790e80000, 0x00000007c0000000)
  eden space 437248K, 0% used [0x000000076b980000,0x000000076b980000,0x0000000786480000)
  from space 26624K, 66% used [0x0000000786480000,0x00000007875bb438,0x0000000787e80000)
  to   space 26624K, 0% used [0x000000078f480000,0x000000078f480000,0x0000000790e80000)
 ParOldGen       total 145920K, used 46238K [0x00000006c2c00000, 0x00000006cba80000, 0x000000076b980000)
  object space 145920K, 31% used [0x00000006c2c00000,0x00000006c5927bd0,0x00000006cba80000)
 Metaspace       used 57081K, capacity 58997K, committed 59160K, reserved 1101824K
  class space    used 7171K, capacity 7552K, committed 7552K, reserved 1048576K
Event: 28.921 GC heap after
Heap after GC invocations=16 (full 3):
 PSYoungGen      total 463872K, used 0K [0x000000076b980000, 0x0000000790e80000, 0x00000007c0000000)
  eden space 437248K, 0% used [0x000000076b980000,0x000000076b980000,0x0000000786480000)
  from space 26624K, 0% used [0x0000000786480000,0x0000000786480000,0x0000000787e80000)
  to   space 26624K, 0% used [0x000000078f480000,0x000000078f480000,0x0000000790e80000)
 ParOldGen       total 204288K, used 55908K [0x00000006c2c00000, 0x00000006cf380000, 0x000000076b980000)
  object space 204288K, 27% used [0x00000006c2c00000,0x00000006c62990f0,0x00000006cf380000)
 Metaspace       used 57081K, capacity 58997K, committed 59160K, reserved 1101824K
  class space    used 7171K, capacity 7552K, committed 7552K, reserved 1048576K
}

Deoptimization events (10 events):
Event: 32.396 Thread 0x0000000004d1f800 Uncommon trap: reason=unstable_if action=reinterpret pc=0x000000000668d554 method=org.springframework.core.BridgeMethodResolver.isBridgedCandidateFor(Ljava/lang/reflect/Method;Ljava/lang/reflect/Method;)Z @ 64
Event: 32.680 Thread 0x0000000004d1f800 Uncommon trap: reason=class_check action=maybe_recompile pc=0x0000000006046c28 method=org.springframework.boot.context.properties.source.ConfigurationPropertyName.elementEquals(Ljava/lang/CharSequence;Ljava/lang/CharSequence;)Z @ 14
Event: 32.680 Thread 0x0000000004d1f800 Uncommon trap: reason=class_check action=maybe_recompile pc=0x0000000005f4f274 method=org.springframework.boot.context.properties.source.ConfigurationPropertyName.isIndexed(Ljava/lang/CharSequence;)Z @ 15
Event: 32.680 Thread 0x0000000004d1f800 Uncommon trap: reason=class_check action=maybe_recompile pc=0x0000000006046c28 method=org.springframework.boot.context.properties.source.ConfigurationPropertyName.elementEquals(Ljava/lang/CharSequence;Ljava/lang/CharSequence;)Z @ 14
Event: 32.680 Thread 0x0000000004d1f800 Uncommon trap: reason=class_check action=maybe_recompile pc=0x0000000005f4f274 method=org.springframework.boot.context.properties.source.ConfigurationPropertyName.isIndexed(Ljava/lang/CharSequence;)Z @ 15
Event: 33.024 Thread 0x0000000004d1f800 Uncommon trap: reason=unstable_if action=reinterpret pc=0x00000000054e206c method=java.util.concurrent.ConcurrentHashMap.transfer([Ljava/util/concurrent/ConcurrentHashMap$Node;[Ljava/util/concurrent/ConcurrentHashMap$Node;)V @ 356
Event: 33.025 Thread 0x0000000004d1f800 Uncommon trap: reason=unstable_if action=reinterpret pc=0x00000000065e58bc method=java.util.concurrent.ConcurrentHashMap.transfer([Ljava/util/concurrent/ConcurrentHashMap$Node;[Ljava/util/concurrent/ConcurrentHashMap$Node;)V @ 356
Event: 33.171 Thread 0x0000000004d1f800 Uncommon trap: reason=unstable_if action=reinterpret pc=0x0000000005ed2c18 method=java.lang.reflect.Modifier.toString(I)Ljava/lang/String; @ 123
Event: 33.357 Thread 0x0000000004d1f800 Uncommon trap: reason=unstable_if action=reinterpret pc=0x0000000005f8b4a8 method=org.springframework.asm.Frame.merge(Lorg/springframework/asm/ClassWriter;I[II)Z @ 200
Event: 33.372 Thread 0x0000000004d1f800 Uncommon trap: reason=unstable_if action=reinterpret pc=0x0000000005400dc0 method=org.springframework.asm.Frame.merge(Lorg/springframework/asm/ClassWriter;Lorg/springframework/asm/Frame;I)Z @ 721

Internal exceptions (10 events):
Event: 33.745 Thread 0x0000000004d1f800 Exception <a 'java/lang/ClassNotFoundException': org/springframework/web/servlet/mvc/method/annotation/ResponseBodyAdviceCustomizer> (0x0000000784793c58) thrown at [C:\re\workspace\8-2-build-windows-amd64-cygwin\jdk8u151\9699\hotspot\src\share\vm\classfil
Event: 33.747 Thread 0x0000000004d1f800 Exception <a 'java/lang/ClassNotFoundException': org/springframework/http/converter/GenericHttpMessageConverterCustomizer> (0x00000007847bdf28) thrown at [C:\re\workspace\8-2-build-windows-amd64-cygwin\jdk8u151\9699\hotspot\src\share\vm\classfile\systemDi
Event: 33.749 Thread 0x0000000004d1f800 Exception <a 'java/lang/ClassNotFoundException': org/springframework/http/converter/HttpMessageConverterCustomizer> (0x00000007847e1080) thrown at [C:\re\workspace\8-2-build-windows-amd64-cygwin\jdk8u151\9699\hotspot\src\share\vm\classfile\systemDictionar
Event: 33.759 Thread 0x0000000004d1f800 Exception <a 'java/lang/ClassNotFoundException': java/lang/ObjectCustomizer> (0x00000007848aae20) thrown at [C:\re\workspace\8-2-build-windows-amd64-cygwin\jdk8u151\9699\hotspot\src\share\vm\classfile\systemDictionary.cpp, line 210]
Event: 33.761 Thread 0x0000000004d1f800 Exception <a 'java/lang/ClassNotFoundException': org/springframework/boot/autoconfigure/http/HttpMessageConvertersAutoConfigurationCustomizer> (0x00000007848d6f48) thrown at [C:\re\workspace\8-2-build-windows-amd64-cygwin\jdk8u151\9699\hotspot\src\share\v
Event: 33.763 Thread 0x0000000004d1f800 Exception <a 'java/lang/ClassNotFoundException': org/springframework/boot/autoconfigure/http/HttpMessageConvertersAutoConfiguration$$EnhancerBySpringCGLIB$$3d3e7e09Customizer> (0x000000078490bf58) thrown at [C:\re\workspace\8-2-build-windows-amd64-cygwin\
Event: 33.765 Thread 0x0000000004d1f800 Exception <a 'java/lang/ClassNotFoundException': org/springframework/context/annotation/ConfigurationClassEnhancer$EnhancedConfigurationCustomizer> (0x000000078493d128) thrown at [C:\re\workspace\8-2-build-windows-amd64-cygwin\jdk8u151\9699\hotspot\src\sh
Event: 33.818 Thread 0x0000000004d1f800 Exception <a 'java/lang/ClassNotFoundException': java/lang/ObjectCustomizer> (0x0000000784b14400) thrown at [C:\re\workspace\8-2-build-windows-amd64-cygwin\jdk8u151\9699\hotspot\src\share\vm\classfile\systemDictionary.cpp, line 210]
Event: 33.820 Thread 0x0000000004d1f800 Exception <a 'java/lang/ClassNotFoundException': org/springframework/boot/autoconfigure/http/HttpMessageConvertersCustomizer> (0x0000000784b3b038) thrown at [C:\re\workspace\8-2-build-windows-amd64-cygwin\jdk8u151\9699\hotspot\src\share\vm\classfile\syste
Event: 33.823 Thread 0x0000000004d1f800 Exception <a 'java/lang/ClassNotFoundException': java/lang/IterableCustomizer> (0x0000000784b4dc00) thrown at [C:\re\workspace\8-2-build-windows-amd64-cygwin\jdk8u151\9699\hotspot\src\share\vm\classfile\systemDictionary.cpp, line 210]

Events (10 events):
Event: 33.901 loading class com/jayway/jsonpath/spi/mapper/JsonSmartMappingProvider$DateReader
Event: 33.901 loading class com/jayway/jsonpath/spi/mapper/JsonSmartMappingProvider$DateReader done
Event: 33.902 loading class com/jayway/jsonpath/spi/mapper/JsonSmartMappingProvider$BigIntegerReader
Event: 33.902 loading class com/jayway/jsonpath/spi/mapper/JsonSmartMappingProvider$BigIntegerReader done
Event: 33.903 loading class com/jayway/jsonpath/spi/mapper/JsonSmartMappingProvider$BooleanReader
Event: 33.903 loading class com/jayway/jsonpath/spi/mapper/JsonSmartMappingProvider$BooleanReader done
Event: 33.905 loading class net/minidev/json/writer/JsonReader
Event: 33.905 loading class net/minidev/json/writer/JsonReader done
Event: 33.926 loading class net/minidev/json/writer/DefaultMapper
Event: 33.926 loading class net/minidev/json/writer/DefaultMapper done


Dynamic libraries:
0x00007ff6d1600000 - 0x00007ff6d1637000 	C:\Program Files\Java\jdk1.8.0_151\bin\java.exe
0x00007ffdc7520000 - 0x00007ffdc7700000 	C:\WINDOWS\SYSTEM32\ntdll.dll
0x00007ffdc73c0000 - 0x00007ffdc746e000 	C:\WINDOWS\System32\KERNEL32.DLL
0x00007ffdc4600000 - 0x00007ffdc4866000 	C:\WINDOWS\System32\KERNELBASE.dll
0x00007ffdc5440000 - 0x00007ffdc54e1000 	C:\WINDOWS\System32\ADVAPI32.dll
0x00007ffdc7320000 - 0x00007ffdc73bd000 	C:\WINDOWS\System32\msvcrt.dll
0x00007ffdc4ee0000 - 0x00007ffdc4f3b000 	C:\WINDOWS\System32\sechost.dll
0x00007ffdc5bc0000 - 0x00007ffdc5cdf000 	C:\WINDOWS\System32\RPCRT4.dll
0x00007ffdc4b30000 - 0x00007ffdc4cbf000 	C:\WINDOWS\System32\USER32.dll
0x00007ffdc45e0000 - 0x00007ffdc4600000 	C:\WINDOWS\System32\win32u.dll
0x00007ffdc72f0000 - 0x00007ffdc7318000 	C:\WINDOWS\System32\GDI32.dll
0x00007ffdc4440000 - 0x00007ffdc45d3000 	C:\WINDOWS\System32\gdi32full.dll
0x00007ffdc4340000 - 0x00007ffdc43db000 	C:\WINDOWS\System32\msvcp_win.dll
0x00007ffdc48f0000 - 0x00007ffdc49e6000 	C:\WINDOWS\System32\ucrtbase.dll
0x00007ffdb5ce0000 - 0x00007ffdb5f49000 	C:\WINDOWS\WinSxS\amd64_microsoft.windows.common-controls_6595b64144ccf1df_6.0.16299.309_none_15cfd4c4935e6b11\COMCTL32.dll
0x00007ffdc4fd0000 - 0x00007ffdc52d8000 	C:\WINDOWS\System32\combase.dll
0x00007ffdc4870000 - 0x00007ffdc48e2000 	C:\WINDOWS\System32\bcryptPrimitives.dll
0x00007ffdc5e80000 - 0x00007ffdc5ead000 	C:\WINDOWS\System32\IMM32.DLL
0x00007ffdaaad0000 - 0x00007ffdaab77000 	C:\Program Files\McAfee\Host Intrusion Prevention\HcApi.dll
0x000000005c640000 - 0x000000005c64c000 	C:\Program Files\McAfee\Host Intrusion Prevention\HcThe.dll
0x000000005ab20000 - 0x000000005abf2000 	C:\Program Files\Java\jdk1.8.0_151\jre\bin\msvcr100.dll
0x000000005a280000 - 0x000000005ab1d000 	C:\Program Files\Java\jdk1.8.0_151\jre\bin\server\jvm.dll
0x00007ffdc5b50000 - 0x00007ffdc5b58000 	C:\WINDOWS\System32\PSAPI.DLL
0x00007ffdc0b20000 - 0x00007ffdc0b43000 	C:\WINDOWS\SYSTEM32\WINMM.dll
0x00007ffdba990000 - 0x00007ffdba99a000 	C:\WINDOWS\SYSTEM32\VERSION.dll
0x00007ffdc2770000 - 0x00007ffdc2779000 	C:\WINDOWS\SYSTEM32\WSOCK32.dll
0x00000000049e0000 - 0x0000000004a4c000 	C:\WINDOWS\System32\ws2_32.DLL
0x00007ffdc0ac0000 - 0x00007ffdc0aea000 	C:\WINDOWS\SYSTEM32\WINMMBASE.dll
0x00007ffdc3af0000 - 0x00007ffdc3b3a000 	C:\WINDOWS\System32\cfgmgr32.dll
0x000000005a270000 - 0x000000005a27f000 	C:\Program Files\Java\jdk1.8.0_151\jre\bin\verify.dll
0x000000005a240000 - 0x000000005a269000 	C:\Program Files\Java\jdk1.8.0_151\jre\bin\java.dll
0x000000005a1f0000 - 0x000000005a213000 	C:\Program Files\Java\jdk1.8.0_151\jre\bin\instrument.dll
0x000000005a220000 - 0x000000005a236000 	C:\Program Files\Java\jdk1.8.0_151\jre\bin\zip.dll
0x00007ffdc5eb0000 - 0x00007ffdc72e6000 	C:\WINDOWS\System32\SHELL32.dll
0x00007ffdc4e30000 - 0x00007ffdc4ed6000 	C:\WINDOWS\System32\shcore.dll
0x00007ffdc3bf0000 - 0x00007ffdc4337000 	C:\WINDOWS\System32\windows.storage.dll
0x00007ffdc5b60000 - 0x00007ffdc5bb1000 	C:\WINDOWS\System32\shlwapi.dll
0x00007ffdc38e0000 - 0x00007ffdc38f1000 	C:\WINDOWS\System32\kernel.appcore.dll
0x00007ffdc3870000 - 0x00007ffdc38bc000 	C:\WINDOWS\System32\powrprof.dll
0x00007ffdc38c0000 - 0x00007ffdc38db000 	C:\WINDOWS\System32\profapi.dll
0x00007ffdb1210000 - 0x00007ffdb122a000 	C:\Program Files\JetBrains\IntelliJ IDEA 2017.3.2\bin\breakgen64.dll
0x000000005a1d0000 - 0x000000005a1ea000 	C:\Program Files\Java\jdk1.8.0_151\jre\bin\net.dll
0x00007ffdc3100000 - 0x00007ffdc3166000 	C:\WINDOWS\system32\mswsock.dll
0x000000005a1b0000 - 0x000000005a1c1000 	C:\Program Files\Java\jdk1.8.0_151\jre\bin\nio.dll
0x000000005a1a0000 - 0x000000005a1ad000 	C:\Program Files\Java\jdk1.8.0_151\jre\bin\management.dll
0x00007ffdabe00000 - 0x00007ffdabe16000 	C:\WINDOWS\system32\napinsp.dll
0x00007ffdabde0000 - 0x00007ffdabdfa000 	C:\WINDOWS\system32\pnrpnsp.dll
0x00007ffdc0e70000 - 0x00007ffdc0e88000 	C:\WINDOWS\system32\NLAapi.dll
0x00007ffdc2e70000 - 0x00007ffdc2f26000 	C:\WINDOWS\SYSTEM32\DNSAPI.dll
0x00007ffdc49f0000 - 0x00007ffdc49f8000 	C:\WINDOWS\System32\NSI.dll
0x00007ffdc2e30000 - 0x00007ffdc2e69000 	C:\WINDOWS\SYSTEM32\IPHLPAPI.DLL
0x00007ffdaf220000 - 0x00007ffdaf22e000 	C:\WINDOWS\System32\winrnr.dll
0x00007ffdabd90000 - 0x00007ffdabda5000 	C:\WINDOWS\System32\wshbth.dll
0x00007ffdb5f80000 - 0x00007ffdb5f8a000 	C:\Windows\System32\rasadhlp.dll
0x00007ffdbc180000 - 0x00007ffdbc1f0000 	C:\WINDOWS\System32\fwpuclnt.dll
0x00007ffdc33d0000 - 0x00007ffdc33f5000 	C:\WINDOWS\SYSTEM32\bcrypt.dll
0x00007ffdc32c0000 - 0x00007ffdc32d7000 	C:\WINDOWS\SYSTEM32\CRYPTSP.dll
0x00007ffdc2ca0000 - 0x00007ffdc2cd3000 	C:\WINDOWS\system32\rsaenh.dll
0x00007ffdc3770000 - 0x00007ffdc3799000 	C:\WINDOWS\SYSTEM32\USERENV.dll
0x00007ffdc32e0000 - 0x00007ffdc32eb000 	C:\WINDOWS\SYSTEM32\CRYPTBASE.dll
0x00007ffdbba30000 - 0x00007ffdbba46000 	C:\WINDOWS\SYSTEM32\dhcpcsvc6.DLL
0x00007ffdbb0a0000 - 0x00007ffdbb0ba000 	C:\WINDOWS\SYSTEM32\dhcpcsvc.DLL

VM Arguments:
jvm_args: -ea -javaagent:C:\Program Files\JetBrains\IntelliJ IDEA 2017.3.2\lib\coverage-agent.jar=C:\Users\212686307\AppData\Local\Temp\coverage3486args -Didea.test.cyclic.buffer.size=1048576 -javaagent:C:\Program Files\JetBrains\IntelliJ IDEA 2017.3.2\lib\idea_rt.jar=55414:C:\Program Files\JetBrains\IntelliJ IDEA 2017.3.2\bin -Dfile.encoding=UTF-8 
java_command: com.intellij.rt.execution.junit.JUnitStarter -ideVersion5 @w@C:\Users\212686307\AppData\Local\Temp\idea_working_dirs_junit1.tmp @C:\Users\212686307\AppData\Local\Temp\idea_junit1.tmp -socket55413
java_class_path (initial): C:\Program Files\JetBrains\IntelliJ IDEA 2017.3.2\lib\idea_rt.jar;C:\Program Files\JetBrains\IntelliJ IDEA 2017.3.2\plugins\junit\lib\junit-rt.jar;C:\Program Files\JetBrains\IntelliJ IDEA 2017.3.2\plugins\junit\lib\junit5-rt.jar;C:\Program Files\Java\jdk1.8.0_151\jre\lib\charsets.jar;C:\Program Files\Java\jdk1.8.0_151\jre\lib\deploy.jar;C:\Program Files\Java\jdk1.8.0_151\jre\lib\ext\access-bridge-64.jar;C:\Program Files\Java\jdk1.8.0_151\jre\lib\ext\cldrdata.jar;C:\Program Files\Java\jdk1.8.0_151\jre\lib\ext\dnsns.jar;C:\Program Files\Java\jdk1.8.0_151\jre\lib\ext\jaccess.jar;C:\Program Files\Java\jdk1.8.0_151\jre\lib\ext\jfxrt.jar;C:\Program Files\Java\jdk1.8.0_151\jre\lib\ext\localedata.jar;C:\Program Files\Java\jdk1.8.0_151\jre\lib\ext\nashorn.jar;C:\Program Files\Java\jdk1.8.0_151\jre\lib\ext\sunec.jar;C:\Program Files\Java\jdk1.8.0_151\jre\lib\ext\sunjce_provider.jar;C:\Program Files\Java\jdk1.8.0_151\jre\lib\ext\sunmscapi.jar;C:\Program Files\Java\jdk1.8.0_151\jre\lib\ext\sunpkcs11.jar;C:\Program Files\Java\jdk1.8.0_151\jre\lib\ext\zipfs.jar;C:\Program Files\Java\jdk1.8.0_151\jre\lib\javaws.jar;C:\Program Files\Java\jdk1.8.0_151\jre\lib\jce.jar;C:\Program Files\Java\jdk1.8.0_151\jre\lib\jfr.jar;C:\Program Files\Java\jdk1.8.0_151\jre\lib\jfxswt.jar;C:\Program Files\Java\jdk1.8.0_151\jre\lib\jsse.jar;C:\Program Files\Java\jdk1.8.0_151\jre\lib\management-agent.jar;C:\Program Files\Java\jdk1.8.0_151\jre\lib\plugin.jar;C:\Program Files\Java\jdk1.8.0_151\jre\lib\resources.jar;C:\Program Files\Java\jdk1.8.0_151\jre\lib\rt.jar;C:\projects\crossblogs-java-se\out\test\classes;C:\projects\crossblogs-java-se\out\production\classes;C:\projects\crossblogs-java-se\out\production\resources;C:\Users\212686307\.gradle\caches\modules-2\files-2.1\org.modelmapper\modelmapper\1.1.0\98b2cbf292dad9e284124e5d4c1f97771d9333a3\modelmapper-1.1.0.jar;C:\Users\212686307\.gradle\caches\modules-2\files-2.1\com.google.guava\guava\24.0-jre\41ac1e74d6b4e1ea1f027139c
Launcher Type: SUN_STANDARD

Environment Variables:
JAVA_HOME=C:\Program Files\Java\jdk1.8.0_151
PATH=C:\Program Files\Docker\Docker\Resources\bin;C:\app\212686307\product\11.2.0\client_1;C:\oraclexe\app\oracle\product\11.2.0\server\bin;C:\ProgramData\Oracle\Java\javapath;C:\Windows\system32;C:\Windows;C:\Windows\System32\Wbem;C:\Windows\System32\WindowsPowerShell\v1.0\;C:\Program Files (x86)\NVIDIA Corporation\PhysX\Common;C:\Program Files\Git\cmd;C:\nodejs\;C:\ProgramData\chocolatey\bin;C:\Program Files\Cloud Foundry;C:\predix;C:\Program Files\Java\jdk1.8.0_151\bin;C:\apache-maven-3.5.2\bin;C:\cygwin64\bin;C:*cygwin;C:\Program Files\DataStax Community\apache-cassandra\bin;C:\Go\bin;C:\Python27;C:\devtools\openresty-1.11.2.2-win32;C:\Program Files\erl9.2\bin;C:\Program Files (x86)\Elixir\bin;C:\Users\212686307\.mix\escripts;C:\atd;C:\cqlsh-4.0.1;C:\Program Files\PuTTY\;C:\WINDOWS\system32;C:\WINDOWS;C:\WINDOWS\System32\Wbem;C:\WINDOWS\System32\WindowsPowerShell\v1.0\;C:\Scoop\apps\yarn\current\Yarn\bin;C:\Scoop\apps\yarn\current\bin;C:\Scoop\shims;C:\Users\212686307\AppData\Local\Microsoft\WindowsApps;C:\Use;C:\Scoop\apps\yarn\current\Yarn\bin;C:\Scoop\apps\yarn\current\bin;C:\Scoop\shims;C:\Users\212686307\AppData\Local\Microsoft\WindowsApps;C:\Users\212686307\AppData\Roaming\npm;C:\Program Files\Microsoft VS Code\bin;C:\Users\212686307\AppData\Local\GitHubDesktop\bin;%USERPROFILE%\AppData\Local\Microsoft\WindowsApps;
USERNAME=212686307
OS=Windows_NT
PROCESSOR_IDENTIFIER=Intel64 Family 6 Model 94 Stepping 3, GenuineIntel



---------------  S Y S T E M  ---------------

OS: Windows 10.0 , 64 bit Build 16299 (10.0.16299.15)

CPU:total 8 (initial active 8) (4 cores per cpu, 2 threads per core) family 6 model 94 stepping 3, cmov, cx8, fxsr, mmx, sse, sse2, sse3, ssse3, sse4.1, sse4.2, popcnt, avx, avx2, aes, clmul, erms, rtm, 3dnowpref, lzcnt, ht, tsc, tscinvbit, bmi1, bmi2, adx

Memory: 4k page, physical 16590804k(2112852k free), swap 20784084k(7036k free)

vm_info: Java HotSpot(TM) 64-Bit Server VM (25.151-b12) for windows-amd64 JRE (1.8.0_151-b12), built on Sep  5 2017 19:33:46 by "java_re" with MS VC++ 10.0 (VS2010)

time: Mon Apr 16 15:37:13 2018
elapsed time: 33 seconds (0d 0h 0m 33s)

