#
# There is insufficient memory for the Java Runtime Environment to continue.
# Native memory allocation (malloc) failed to allocate 32744 bytes for ChunkPool::allocate
# Possible reasons:
#   The system is out of physical RAM or swap space
#   In 32 bit mode, the process size limit was hit
# Possible solutions:
#   Reduce memory load on the system
#   Increase physical memory or swap space
#   Check if swap backing store is full
#   Use 64 bit Java on a 64 bit OS
#   Decrease Java heap size (-Xmx/-Xms)
#   Decrease number of Java threads
#   Decrease Java thread stack sizes (-Xss)
#   Set larger code cache with -XX:ReservedCodeCacheSize=
# This output file may be truncated or incomplete.
#
#  Out of Memory Error (allocation.cpp:273), pid=99012, tid=0x0000000000026da4
#
# JRE version: Java(TM) SE Runtime Environment (8.0_151-b12) (build 1.8.0_151-b12)
# Java VM: Java HotSpot(TM) 64-Bit Server VM (25.151-b12 mixed mode windows-amd64 compressed oops)
# Failed to write core dump. Minidumps are not enabled by default on client versions of Windows
#

---------------  T H R E A D  ---------------

Current thread (0x0000000020841800):  JavaThread "C2 CompilerThread1" daemon [_thread_in_native, id=159140, stack(0x0000000021510000,0x0000000021610000)]

Stack: [0x0000000021510000,0x0000000021610000]
[error occurred during error reporting (printing stack bounds), id 0xc0000005]

Native frames: (J=compiled Java code, j=interpreted, Vv=VM code, C=native code)


Current CompileTask:
C2:  32248 8453       4       org.springframework.core.annotation.AnnotationUtils::postProcessAnnotationAttributes (876 bytes)


---------------  P R O C E S S  ---------------

Java Threads: ( => current thread )
  0x000000002b0df800 JavaThread "Keep-Alive-Timer" daemon [_thread_blocked, id=68672, stack(0x000000002ee40000,0x000000002ef40000)]
  0x000000002b0d9000 JavaThread "http-nio-auto-1-56812-AsyncTimeout" daemon [_thread_blocked, id=94548, stack(0x000000002e840000,0x000000002e940000)]
  0x000000002b0d7800 JavaThread "http-nio-auto-1-Acceptor-0" daemon [_thread_in_native, id=59992, stack(0x000000002e740000,0x000000002e840000)]
  0x000000002b0de000 JavaThread "http-nio-auto-1-ClientPoller-1" daemon [_thread_in_native, id=79832, stack(0x000000002e640000,0x000000002e740000)]
  0x000000002b0d6800 JavaThread "http-nio-auto-1-ClientPoller-0" daemon [_thread_in_native, id=105392, stack(0x000000002e540000,0x000000002e640000)]
  0x000000002b0dd800 JavaThread "http-nio-auto-1-exec-10" daemon [_thread_blocked, id=9284, stack(0x000000002e440000,0x000000002e540000)]
  0x000000002b0d8000 JavaThread "http-nio-auto-1-exec-9" daemon [_thread_blocked, id=34336, stack(0x000000002e340000,0x000000002e440000)]
  0x000000002b0dc800 JavaThread "http-nio-auto-1-exec-8" daemon [_thread_blocked, id=6516, stack(0x000000002e240000,0x000000002e340000)]
  0x000000002b0d5000 JavaThread "http-nio-auto-1-exec-7" daemon [_thread_blocked, id=188148, stack(0x000000002e140000,0x000000002e240000)]
  0x000000002b0dc000 JavaThread "http-nio-auto-1-exec-6" daemon [_thread_blocked, id=79408, stack(0x000000002e040000,0x000000002e140000)]
  0x000000002b0d4800 JavaThread "http-nio-auto-1-exec-5" daemon [_thread_blocked, id=16104, stack(0x000000002df40000,0x000000002e040000)]
  0x000000002b0db000 JavaThread "http-nio-auto-1-exec-4" daemon [_thread_blocked, id=25716, stack(0x000000002de40000,0x000000002df40000)]
  0x000000002b0d3800 JavaThread "http-nio-auto-1-exec-3" daemon [_thread_blocked, id=30176, stack(0x000000002dd40000,0x000000002de40000)]
  0x000000002b0da800 JavaThread "http-nio-auto-1-exec-2" daemon [_thread_blocked, id=150520, stack(0x000000002dc40000,0x000000002dd40000)]
  0x000000002b0d6000 JavaThread "http-nio-auto-1-exec-1" daemon [_thread_blocked, id=186704, stack(0x000000002db40000,0x000000002dc40000)]
  0x0000000024aa4800 JavaThread "NioBlockingSelector.BlockPoller-1" daemon [_thread_in_native, id=160492, stack(0x000000002a5f0000,0x000000002a6f0000)]
  0x0000000024aa1800 JavaThread "HikariPool-1 housekeeper" daemon [_thread_blocked, id=98344, stack(0x0000000029ff0000,0x000000002a0f0000)]
  0x0000000024aa6000 JavaThread "Abandoned connection cleanup thread" daemon [_thread_blocked, id=97844, stack(0x0000000029ef0000,0x0000000029ff0000)]
  0x000000002387d000 JavaThread "container-0" [_thread_blocked, id=172896, stack(0x0000000029df0000,0x0000000029ef0000)]
  0x0000000023387000 JavaThread "ContainerBackgroundProcessor[StandardEngine[Tomcat]]" daemon [_thread_blocked, id=128748, stack(0x0000000029cf0000,0x0000000029df0000)]
  0x00000000221e5000 JavaThread "/127.0.0.1:56796 to /127.0.0.1:56795 workers Thread 3" [_thread_in_native, id=174940, stack(0x00000000254a0000,0x00000000255a0000)]
  0x00000000225b1000 JavaThread "/127.0.0.1:56796 to /127.0.0.1:56795 workers Thread 2" [_thread_blocked, id=94188, stack(0x00000000253a0000,0x00000000254a0000)]
  0x000000002284b800 JavaThread "Test worker" [_thread_in_vm, id=155756, stack(0x00000000242b0000,0x00000000243b0000)]
  0x00000000207f3800 JavaThread "Service Thread" daemon [_thread_blocked, id=138464, stack(0x0000000021810000,0x0000000021910000)]
  0x0000000020854800 JavaThread "C1 CompilerThread3" daemon [_thread_blocked, id=124876, stack(0x0000000021710000,0x0000000021810000)]
  0x0000000020842000 JavaThread "C2 CompilerThread2" daemon [_thread_in_native, id=185804, stack(0x0000000021610000,0x0000000021710000)]
=>0x0000000020841800 JavaThread "C2 CompilerThread1" daemon [_thread_in_native, id=159140, stack(0x0000000021510000,0x0000000021610000)]
  0x0000000020840800 JavaThread "C2 CompilerThread0" daemon [_thread_in_native, id=40412, stack(0x0000000021410000,0x0000000021510000)]
  0x0000000020736800 JavaThread "Attach Listener" daemon [_thread_blocked, id=51440, stack(0x0000000020fd0000,0x00000000210d0000)]
  0x0000000020734800 JavaThread "Signal Dispatcher" daemon [_thread_blocked, id=122124, stack(0x0000000020ed0000,0x0000000020fd0000)]
  0x00000000206c0800 JavaThread "Finalizer" daemon [_thread_blocked, id=95048, stack(0x0000000020aa0000,0x0000000020ba0000)]
  0x0000000004df9000 JavaThread "Reference Handler" daemon [_thread_blocked, id=175408, stack(0x00000000205a0000,0x00000000206a0000)]
  0x0000000004d02800 JavaThread "main" [_thread_blocked, id=126144, stack(0x0000000004a70000,0x0000000004b70000)]

Other Threads:
  0x000000001e7ca800 VMThread [stack: 0x00000000204a0000,0x00000000205a0000] [id=3532]
  0x000000002085b000 WatcherThread [stack: 0x0000000021910000,0x0000000021a10000] [id=66520]

VM state:not at safepoint (normal execution)

VM Mutex/Monitor currently owned by a thread: None

Heap:
 PSYoungGen      total 336896K, used 323643K [0x000000076b980000, 0x0000000781980000, 0x00000007c0000000)
  eden space 320512K, 96% used [0x000000076b980000,0x000000077e7ca0c0,0x000000077f280000)
  from space 16384K, 86% used [0x0000000780980000,0x0000000781744ec8,0x0000000781980000)
  to   space 19968K, 0% used [0x000000077f280000,0x000000077f280000,0x0000000780600000)
 ParOldGen       total 240128K, used 29313K [0x00000006c2c00000, 0x00000006d1680000, 0x000000076b980000)
  object space 240128K, 12% used [0x00000006c2c00000,0x00000006c48a07a8,0x00000006d1680000)
 Metaspace       used 80203K, capacity 83444K, committed 83584K, reserved 1122304K
  class space    used 9510K, capacity 10091K, committed 10112K, reserved 1048576K

Card table byte_map: [0x00000000141c0000,0x00000000149b0000] byte_map_base: 0x0000000010baa000

Marking Bits: (ParMarkBitMap*) 0x000000005ab7d850
 Begin Bits: [0x0000000015700000, 0x0000000019650000)
 End Bits:   [0x0000000019650000, 0x000000001d5a0000)

Polling page: 0x0000000003120000

CodeCache: size=245760Kb used=25275Kb max_used=26620Kb free=220484Kb
 bounds [0x0000000004e00000, 0x0000000006870000, 0x0000000013e00000]
 total_blobs=7425 nmethods=6830 adapters=506
 compilation: enabled

Compilation events (10 events):
Event: 32.215 Thread 0x0000000020854800 8482       3       org.springframework.boot.autoconfigure.condition.ConditionEvaluationReport::recordConditionEvaluation (138 bytes)
Event: 32.217 Thread 0x0000000020854800 nmethod 8482 0x0000000005d30dd0 code [0x0000000005d31140, 0x0000000005d32778]
Event: 32.219 Thread 0x0000000020854800 8483   !   3       com.sun.proxy.$Proxy49::value (29 bytes)
Event: 32.220 Thread 0x0000000020854800 nmethod 8483 0x0000000005d30650 code [0x0000000005d307e0, 0x0000000005d30c18]
Event: 32.220 Thread 0x0000000020854800 8484       3       org.springframework.util.ReflectionUtils::makeAccessible (122 bytes)
Event: 32.221 Thread 0x0000000020854800 nmethod 8484 0x00000000053f4bd0 code [0x00000000053f4de0, 0x00000000053f59d8]
Event: 32.224 Thread 0x0000000020854800 8485       3       java.io.BufferedInputStream::fill (233 bytes)
Event: 32.226 Thread 0x0000000020854800 nmethod 8485 0x00000000061c5e90 code [0x00000000061c6100, 0x00000000061c7018]
Event: 32.226 Thread 0x0000000020854800 8487   !   3       sun.reflect.GeneratedMethodAccessor32::invoke (63 bytes)
Event: 32.226 Thread 0x0000000020854800 nmethod 8487 0x00000000053f3950 code [0x00000000053f3b80, 0x00000000053f4588]

GC Heap History (10 events):
Event: 23.013 GC heap before
{Heap before GC invocations=15 (full 2):
 PSYoungGen      total 229888K, used 229875K [0x000000076b980000, 0x000000077ae00000, 0x00000007c0000000)
  eden space 218112K, 100% used [0x000000076b980000,0x0000000778e80000,0x0000000778e80000)
  from space 11776K, 99% used [0x0000000779c00000,0x000000077a77cca8,0x000000077a780000)
  to   space 13824K, 0% used [0x0000000778e80000,0x0000000778e80000,0x0000000779c00000)
 ParOldGen       total 165376K, used 15183K [0x00000006c2c00000, 0x00000006ccd80000, 0x000000076b980000)
  object space 165376K, 9% used [0x00000006c2c00000,0x00000006c3ad3e98,0x00000006ccd80000)
 Metaspace       used 51802K, capacity 53872K, committed 54144K, reserved 1097728K
  class space    used 6007K, capacity 6441K, committed 6528K, reserved 1048576K
Event: 23.040 GC heap after
Heap after GC invocations=15 (full 2):
 PSYoungGen      total 231936K, used 13821K [0x000000076b980000, 0x000000077e400000, 0x00000007c0000000)
  eden space 218112K, 0% used [0x000000076b980000,0x000000076b980000,0x0000000778e80000)
  from space 13824K, 99% used [0x0000000778e80000,0x0000000779bff7d0,0x0000000779c00000)
  to   space 17408K, 0% used [0x000000077d300000,0x000000077d300000,0x000000077e400000)
 ParOldGen       total 165376K, used 20517K [0x00000006c2c00000, 0x00000006ccd80000, 0x000000076b980000)
  object space 165376K, 12% used [0x00000006c2c00000,0x00000006c40094a0,0x00000006ccd80000)
 Metaspace       used 51802K, capacity 53872K, committed 54144K, reserved 1097728K
  class space    used 6007K, capacity 6441K, committed 6528K, reserved 1048576K
}
Event: 24.352 GC heap before
{Heap before GC invocations=16 (full 2):
 PSYoungGen      total 231936K, used 126542K [0x000000076b980000, 0x000000077e400000, 0x00000007c0000000)
  eden space 218112K, 51% used [0x000000076b980000,0x00000007727942c8,0x0000000778e80000)
  from space 13824K, 99% used [0x0000000778e80000,0x0000000779bff7d0,0x0000000779c00000)
  to   space 17408K, 0% used [0x000000077d300000,0x000000077d300000,0x000000077e400000)
 ParOldGen       total 165376K, used 20517K [0x00000006c2c00000, 0x00000006ccd80000, 0x000000076b980000)
  object space 165376K, 12% used [0x00000006c2c00000,0x00000006c40094a0,0x00000006ccd80000)
 Metaspace       used 56905K, capacity 58958K, committed 59096K, reserved 1101824K
  class space    used 6620K, capacity 7020K, committed 7040K, reserved 1048576K
Event: 24.370 GC heap after
Heap after GC invocations=16 (full 2):
 PSYoungGen      total 285696K, used 17402K [0x000000076b980000, 0x000000077eb80000, 0x00000007c0000000)
  eden space 268288K, 0% used [0x000000076b980000,0x000000076b980000,0x000000077bf80000)
  from space 17408K, 99% used [0x000000077d300000,0x000000077e3feba0,0x000000077e400000)
  to   space 19968K, 0% used [0x000000077bf80000,0x000000077bf80000,0x000000077d300000)
 ParOldGen       total 165376K, used 20728K [0x00000006c2c00000, 0x00000006ccd80000, 0x000000076b980000)
  object space 165376K, 12% used [0x00000006c2c00000,0x00000006c403e3d8,0x00000006ccd80000)
 Metaspace       used 56905K, capacity 58958K, committed 59096K, reserved 1101824K
  class space    used 6620K, capacity 7020K, committed 7040K, reserved 1048576K
}
Event: 24.370 GC heap before
{Heap before GC invocations=17 (full 3):
 PSYoungGen      total 285696K, used 17402K [0x000000076b980000, 0x000000077eb80000, 0x00000007c0000000)
  eden space 268288K, 0% used [0x000000076b980000,0x000000076b980000,0x000000077bf80000)
  from space 17408K, 99% used [0x000000077d300000,0x000000077e3feba0,0x000000077e400000)
  to   space 19968K, 0% used [0x000000077bf80000,0x000000077bf80000,0x000000077d300000)
 ParOldGen       total 165376K, used 20728K [0x00000006c2c00000, 0x00000006ccd80000, 0x000000076b980000)
  object space 165376K, 12% used [0x00000006c2c00000,0x00000006c403e3d8,0x00000006ccd80000)
 Metaspace       used 56905K, capacity 58958K, committed 59096K, reserved 1101824K
  class space    used 6620K, capacity 7020K, committed 7040K, reserved 1048576K
Event: 24.582 GC heap after
Heap after GC invocations=17 (full 3):
 PSYoungGen      total 285696K, used 0K [0x000000076b980000, 0x000000077eb80000, 0x00000007c0000000)
  eden space 268288K, 0% used [0x000000076b980000,0x000000076b980000,0x000000077bf80000)
  from space 17408K, 0% used [0x000000077d300000,0x000000077d300000,0x000000077e400000)
  to   space 19968K, 0% used [0x000000077bf80000,0x000000077bf80000,0x000000077d300000)
 ParOldGen       total 240128K, used 29297K [0x00000006c2c00000, 0x00000006d1680000, 0x000000076b980000)
  object space 240128K, 12% used [0x00000006c2c00000,0x00000006c489c7a8,0x00000006d1680000)
 Metaspace       used 56905K, capacity 58958K, committed 59096K, reserved 1101824K
  class space    used 6620K, capacity 7020K, committed 7040K, reserved 1048576K
}
Event: 26.651 GC heap before
{Heap before GC invocations=18 (full 3):
 PSYoungGen      total 285696K, used 268288K [0x000000076b980000, 0x000000077eb80000, 0x00000007c0000000)
  eden space 268288K, 100% used [0x000000076b980000,0x000000077bf80000,0x000000077bf80000)
  from space 17408K, 0% used [0x000000077d300000,0x000000077d300000,0x000000077e400000)
  to   space 19968K, 0% used [0x000000077bf80000,0x000000077bf80000,0x000000077d300000)
 ParOldGen       total 240128K, used 29297K [0x00000006c2c00000, 0x00000006d1680000, 0x000000076b980000)
  object space 240128K, 12% used [0x00000006c2c00000,0x00000006c489c7a8,0x00000006d1680000)
 Metaspace       used 67147K, capacity 69524K, committed 69632K, reserved 1110016K
  class space    used 7956K, capacity 8419K, committed 8448K, reserved 1048576K
Event: 26.664 GC heap after
Heap after GC invocations=18 (full 3):
 PSYoungGen      total 288256K, used 10413K [0x000000076b980000, 0x0000000781c80000, 0x00000007c0000000)
  eden space 268288K, 0% used [0x000000076b980000,0x000000076b980000,0x000000077bf80000)
  from space 19968K, 52% used [0x000000077bf80000,0x000000077c9ab408,0x000000077d300000)
  to   space 19456K, 0% used [0x0000000780980000,0x0000000780980000,0x0000000781c80000)
 ParOldGen       total 240128K, used 29305K [0x00000006c2c00000, 0x00000006d1680000, 0x000000076b980000)
  object space 240128K, 12% used [0x00000006c2c00000,0x00000006c489e7a8,0x00000006d1680000)
 Metaspace       used 67147K, capacity 69524K, committed 69632K, reserved 1110016K
  class space    used 7956K, capacity 8419K, committed 8448K, reserved 1048576K
}
Event: 29.495 GC heap before
{Heap before GC invocations=19 (full 3):
 PSYoungGen      total 288256K, used 278701K [0x000000076b980000, 0x0000000781c80000, 0x00000007c0000000)
  eden space 268288K, 100% used [0x000000076b980000,0x000000077bf80000,0x000000077bf80000)
  from space 19968K, 52% used [0x000000077bf80000,0x000000077c9ab408,0x000000077d300000)
  to   space 19456K, 0% used [0x0000000780980000,0x0000000780980000,0x0000000781c80000)
 ParOldGen       total 240128K, used 29305K [0x00000006c2c00000, 0x00000006d1680000, 0x000000076b980000)
  object space 240128K, 12% used [0x00000006c2c00000,0x00000006c489e7a8,0x00000006d1680000)
 Metaspace       used 72626K, capacity 75632K, committed 75776K, reserved 1116160K
  class space    used 8642K, capacity 9213K, committed 9216K, reserved 1048576K
Event: 29.512 GC heap after
Heap after GC invocations=19 (full 3):
 PSYoungGen      total 336896K, used 14099K [0x000000076b980000, 0x0000000781980000, 0x00000007c0000000)
  eden space 320512K, 0% used [0x000000076b980000,0x000000076b980000,0x000000077f280000)
  from space 16384K, 86% used [0x0000000780980000,0x0000000781744ec8,0x0000000781980000)
  to   space 19968K, 0% used [0x000000077f280000,0x000000077f280000,0x0000000780600000)
 ParOldGen       total 240128K, used 29313K [0x00000006c2c00000, 0x00000006d1680000, 0x000000076b980000)
  object space 240128K, 12% used [0x00000006c2c00000,0x00000006c48a07a8,0x00000006d1680000)
 Metaspace       used 72626K, capacity 75632K, committed 75776K, reserved 1116160K
  class space    used 8642K, capacity 9213K, committed 9216K, reserved 1048576K
}

Deoptimization events (10 events):
Event: 31.640 Thread 0x000000002b0d3800 Uncommon trap: reason=unstable_if action=reinterpret pc=0x00000000050f1e98 method=java.nio.Buffer.position(I)Ljava/nio/Buffer; @ 33
Event: 31.672 Thread 0x000000002b0da800 Uncommon trap: reason=unstable_if action=reinterpret pc=0x0000000005d0f268 method=java.nio.Buffer.<init>(IIII)V @ 66
Event: 31.771 Thread 0x000000002b0da800 Uncommon trap: reason=bimorphic action=maybe_recompile pc=0x0000000005583dc8 method=java.util.AbstractList$Itr.next()Ljava/lang/Object; @ 14
Event: 31.838 Thread 0x000000002b0db000 Uncommon trap: reason=unstable_if action=reinterpret pc=0x00000000066071c8 method=java.lang.Class.getDeclaringClass()Ljava/lang/Class; @ 6
Event: 31.985 Thread 0x000000002284b800 Uncommon trap: reason=unstable_if action=reinterpret pc=0x000000000677be1c method=org.springframework.core.annotation.AnnotationUtils$AnnotationCollector.process(Ljava/lang/reflect/AnnotatedElement;)V @ 121
Event: 32.000 Thread 0x000000002284b800 Uncommon trap: reason=class_check action=maybe_recompile pc=0x00000000067e0a60 method=org.springframework.core.annotation.AnnotationUtils.postProcessAnnotationAttributes(Ljava/lang/Object;Lorg/springframework/core/annotation/AnnotationAttributes;ZZ)V @ 32
Event: 32.001 Thread 0x000000002284b800 Uncommon trap: reason=class_check action=maybe_recompile pc=0x00000000067e0a60 method=org.springframework.core.annotation.AnnotationUtils.postProcessAnnotationAttributes(Ljava/lang/Object;Lorg/springframework/core/annotation/AnnotationAttributes;ZZ)V @ 32
Event: 32.127 Thread 0x000000002284b800 Uncommon trap: reason=unstable_if action=reinterpret pc=0x0000000006493438 method=org.springframework.core.annotation.AnnotatedElementUtils.searchWithGetSemanticsInAnnotations(Ljava/lang/reflect/AnnotatedElement;Ljava/util/List;Ljava/lang/Class;Ljava/lang
Event: 32.129 Thread 0x000000002284b800 Uncommon trap: reason=class_check action=maybe_recompile pc=0x00000000067e0a60 method=org.springframework.core.annotation.AnnotationUtils.postProcessAnnotationAttributes(Ljava/lang/Object;Lorg/springframework/core/annotation/AnnotationAttributes;ZZ)V @ 32
Event: 32.129 Thread 0x000000002284b800 Uncommon trap: reason=class_check action=maybe_recompile pc=0x00000000067e0a60 method=org.springframework.core.annotation.AnnotationUtils.postProcessAnnotationAttributes(Ljava/lang/Object;Lorg/springframework/core/annotation/AnnotationAttributes;ZZ)V @ 32

Internal exceptions (10 events):
Event: 31.932 Thread 0x000000002284b800 Exception <a 'java/lang/NullPointerException'> (0x0000000779eedb20) thrown at [C:\re\workspace\8-2-build-windows-amd64-cygwin\jdk8u151\9699\hotspot\src\share\vm\runtime\sharedRuntime.cpp, line 605]
Event: 31.932 Thread 0x000000002284b800 Implicit null exception at 0x00000000058ed19f to 0x00000000058ee2a0
Event: 31.932 Thread 0x000000002284b800 Exception <a 'java/lang/NullPointerException'> (0x0000000779eedf40) thrown at [C:\re\workspace\8-2-build-windows-amd64-cygwin\jdk8u151\9699\hotspot\src\share\vm\runtime\sharedRuntime.cpp, line 605]
Event: 32.131 Thread 0x000000002284b800 Exception <a 'java/lang/ClassNotFoundException': java/lang/ObjectCustomizer> (0x000000077d9bcbd8) thrown at [C:\re\workspace\8-2-build-windows-amd64-cygwin\jdk8u151\9699\hotspot\src\share\vm\classfile\systemDictionary.cpp, line 210]
Event: 32.132 Thread 0x000000002284b800 Exception <a 'java/lang/ClassNotFoundException': org/springframework/context/annotation/ConfigurationClassPostProcessorCustomizer> (0x000000077d9e2a30) thrown at [C:\re\workspace\8-2-build-windows-amd64-cygwin\jdk8u151\9699\hotspot\src\share\vm\classfile\
Event: 32.133 Thread 0x000000002284b800 Exception <a 'java/lang/ClassNotFoundException': org/springframework/beans/factory/support/BeanDefinitionRegistryPostProcessorCustomizer> (0x000000077da18fc0) thrown at [C:\re\workspace\8-2-build-windows-amd64-cygwin\jdk8u151\9699\hotspot\src\share\vm\cla
Event: 32.134 Thread 0x000000002284b800 Exception <a 'java/lang/ClassNotFoundException': org/springframework/core/PriorityOrderedCustomizer> (0x000000077da32938) thrown at [C:\re\workspace\8-2-build-windows-amd64-cygwin\jdk8u151\9699\hotspot\src\share\vm\classfile\systemDictionary.cpp, line 210
Event: 32.135 Thread 0x000000002284b800 Exception <a 'java/lang/ClassNotFoundException': org/springframework/context/ResourceLoaderAwareCustomizer> (0x000000077da4d968) thrown at [C:\re\workspace\8-2-build-windows-amd64-cygwin\jdk8u151\9699\hotspot\src\share\vm\classfile\systemDictionary.cpp, l
Event: 32.136 Thread 0x000000002284b800 Exception <a 'java/lang/ClassNotFoundException': org/springframework/beans/factory/BeanClassLoaderAwareCustomizer> (0x000000077da6c1c8) thrown at [C:\re\workspace\8-2-build-windows-amd64-cygwin\jdk8u151\9699\hotspot\src\share\vm\classfile\systemDictionary
Event: 32.137 Thread 0x000000002284b800 Exception <a 'java/lang/ClassNotFoundException': org/springframework/context/EnvironmentAwareCustomizer> (0x000000077da87658) thrown at [C:\re\workspace\8-2-build-windows-amd64-cygwin\jdk8u151\9699\hotspot\src\share\vm\classfile\systemDictionary.cpp, line

Events (10 events):
Event: 32.211 loading class org/springframework/data/elasticsearch/client/TransportClientFactoryBean done
Event: 32.212 loading class org/elasticsearch/client/Client
Event: 32.212 loading class org/elasticsearch/client/Client done
Event: 32.212 loading class org/springframework/data/elasticsearch/core/ElasticsearchTemplate
Event: 32.212 loading class org/springframework/data/elasticsearch/core/ElasticsearchTemplate done
Event: 32.213 loading class org/elasticsearch/client/Client
Event: 32.213 loading class org/elasticsearch/client/Client done
Event: 32.213 loading class org/springframework/data/elasticsearch/repository/ElasticsearchRepository
Event: 32.213 loading class org/springframework/data/elasticsearch/repository/ElasticsearchRepository done
Event: 32.214 Thread 0x000000002b0e0800 Thread exited: 0x000000002b0e0800


Dynamic libraries:
0x00007ff6d1600000 - 0x00007ff6d1637000 	C:\Program Files\Java\jdk1.8.0_151\bin\java.exe
0x00007ffdc7520000 - 0x00007ffdc7700000 	C:\WINDOWS\SYSTEM32\ntdll.dll
0x00007ffdc73c0000 - 0x00007ffdc746e000 	C:\WINDOWS\System32\KERNEL32.DLL
0x00007ffdc4600000 - 0x00007ffdc4866000 	C:\WINDOWS\System32\KERNELBASE.dll
0x00007ffdc5440000 - 0x00007ffdc54e1000 	C:\WINDOWS\System32\ADVAPI32.dll
0x00007ffdc7320000 - 0x00007ffdc73bd000 	C:\WINDOWS\System32\msvcrt.dll
0x00007ffdc4ee0000 - 0x00007ffdc4f3b000 	C:\WINDOWS\System32\sechost.dll
0x00007ffdc5bc0000 - 0x00007ffdc5cdf000 	C:\WINDOWS\System32\RPCRT4.dll
0x00007ffdc4b30000 - 0x00007ffdc4cbf000 	C:\WINDOWS\System32\USER32.dll
0x00007ffdc45e0000 - 0x00007ffdc4600000 	C:\WINDOWS\System32\win32u.dll
0x00007ffdc72f0000 - 0x00007ffdc7318000 	C:\WINDOWS\System32\GDI32.dll
0x00007ffdc4440000 - 0x00007ffdc45d3000 	C:\WINDOWS\System32\gdi32full.dll
0x00007ffdc4340000 - 0x00007ffdc43db000 	C:\WINDOWS\System32\msvcp_win.dll
0x00007ffdc48f0000 - 0x00007ffdc49e6000 	C:\WINDOWS\System32\ucrtbase.dll
0x00007ffdb5ce0000 - 0x00007ffdb5f49000 	C:\WINDOWS\WinSxS\amd64_microsoft.windows.common-controls_6595b64144ccf1df_6.0.16299.309_none_15cfd4c4935e6b11\COMCTL32.dll
0x00007ffdc4fd0000 - 0x00007ffdc52d8000 	C:\WINDOWS\System32\combase.dll
0x00007ffdc4870000 - 0x00007ffdc48e2000 	C:\WINDOWS\System32\bcryptPrimitives.dll
0x00007ffdc5e80000 - 0x00007ffdc5ead000 	C:\WINDOWS\System32\IMM32.DLL
0x00007ffdaaad0000 - 0x00007ffdaab77000 	C:\Program Files\McAfee\Host Intrusion Prevention\HcApi.dll
0x000000005c640000 - 0x000000005c64c000 	C:\Program Files\McAfee\Host Intrusion Prevention\HcThe.dll
0x000000005c280000 - 0x000000005c352000 	C:\Program Files\Java\jdk1.8.0_151\jre\bin\msvcr100.dll
0x000000005a360000 - 0x000000005abfd000 	C:\Program Files\Java\jdk1.8.0_151\jre\bin\server\jvm.dll
0x00007ffdc5b50000 - 0x00007ffdc5b58000 	C:\WINDOWS\System32\PSAPI.DLL
0x00007ffdc2770000 - 0x00007ffdc2779000 	C:\WINDOWS\SYSTEM32\WSOCK32.dll
0x00007ffdba990000 - 0x00007ffdba99a000 	C:\WINDOWS\SYSTEM32\VERSION.dll
0x00007ffdc0b20000 - 0x00007ffdc0b43000 	C:\WINDOWS\SYSTEM32\WINMM.dll
0x0000000004a00000 - 0x0000000004a6c000 	C:\WINDOWS\System32\ws2_32.DLL
0x00007ffdc0ac0000 - 0x00007ffdc0aea000 	C:\WINDOWS\SYSTEM32\WINMMBASE.dll
0x00007ffdc3af0000 - 0x00007ffdc3b3a000 	C:\WINDOWS\System32\cfgmgr32.dll
0x000000005c270000 - 0x000000005c27f000 	C:\Program Files\Java\jdk1.8.0_151\jre\bin\verify.dll
0x000000005c240000 - 0x000000005c269000 	C:\Program Files\Java\jdk1.8.0_151\jre\bin\java.dll
0x000000005c080000 - 0x000000005c0a3000 	C:\Program Files\Java\jdk1.8.0_151\jre\bin\instrument.dll
0x000000005c220000 - 0x000000005c236000 	C:\Program Files\Java\jdk1.8.0_151\jre\bin\zip.dll
0x00007ffdc5eb0000 - 0x00007ffdc72e6000 	C:\WINDOWS\System32\SHELL32.dll
0x00007ffdc4e30000 - 0x00007ffdc4ed6000 	C:\WINDOWS\System32\shcore.dll
0x00007ffdc3bf0000 - 0x00007ffdc4337000 	C:\WINDOWS\System32\windows.storage.dll
0x00007ffdc5b60000 - 0x00007ffdc5bb1000 	C:\WINDOWS\System32\shlwapi.dll
0x00007ffdc38e0000 - 0x00007ffdc38f1000 	C:\WINDOWS\System32\kernel.appcore.dll
0x00007ffdc3870000 - 0x00007ffdc38bc000 	C:\WINDOWS\System32\powrprof.dll
0x00007ffdc38c0000 - 0x00007ffdc38db000 	C:\WINDOWS\System32\profapi.dll
0x000000005c200000 - 0x000000005c21a000 	C:\Program Files\Java\jdk1.8.0_151\jre\bin\net.dll
0x00007ffdc3100000 - 0x00007ffdc3166000 	C:\WINDOWS\system32\mswsock.dll
0x00007ffdabe00000 - 0x00007ffdabe16000 	C:\WINDOWS\system32\napinsp.dll
0x00007ffdabde0000 - 0x00007ffdabdfa000 	C:\WINDOWS\system32\pnrpnsp.dll
0x00007ffdc0e70000 - 0x00007ffdc0e88000 	C:\WINDOWS\system32\NLAapi.dll
0x00007ffdc2e70000 - 0x00007ffdc2f26000 	C:\WINDOWS\SYSTEM32\DNSAPI.dll
0x00007ffdc49f0000 - 0x00007ffdc49f8000 	C:\WINDOWS\System32\NSI.dll
0x00007ffdc2e30000 - 0x00007ffdc2e69000 	C:\WINDOWS\SYSTEM32\IPHLPAPI.DLL
0x00007ffdaf220000 - 0x00007ffdaf22e000 	C:\WINDOWS\System32\winrnr.dll
0x00007ffdabd90000 - 0x00007ffdabda5000 	C:\WINDOWS\System32\wshbth.dll
0x00007ffdb5f80000 - 0x00007ffdb5f8a000 	C:\Windows\System32\rasadhlp.dll
0x00007ffdbc180000 - 0x00007ffdbc1f0000 	C:\WINDOWS\System32\fwpuclnt.dll
0x00007ffdc33d0000 - 0x00007ffdc33f5000 	C:\WINDOWS\SYSTEM32\bcrypt.dll
0x000000005c1e0000 - 0x000000005c1f1000 	C:\Program Files\Java\jdk1.8.0_151\jre\bin\nio.dll
0x00007ffdc32c0000 - 0x00007ffdc32d7000 	C:\WINDOWS\SYSTEM32\CRYPTSP.dll
0x00007ffdc2ca0000 - 0x00007ffdc2cd3000 	C:\WINDOWS\system32\rsaenh.dll
0x00007ffdc3770000 - 0x00007ffdc3799000 	C:\WINDOWS\SYSTEM32\USERENV.dll
0x00007ffdc32e0000 - 0x00007ffdc32eb000 	C:\WINDOWS\SYSTEM32\CRYPTBASE.dll
0x00007ffdbba30000 - 0x00007ffdbba46000 	C:\WINDOWS\SYSTEM32\dhcpcsvc6.DLL
0x00007ffdbb0a0000 - 0x00007ffdbb0ba000 	C:\WINDOWS\SYSTEM32\dhcpcsvc.DLL
0x000000005c1d0000 - 0x000000005c1dd000 	C:\Program Files\Java\jdk1.8.0_151\jre\bin\management.dll

VM Arguments:
jvm_args: -Djava.security.manager=worker.org.gradle.process.internal.worker.child.BootstrapSecurityManager -Dorg.gradle.native=false -javaagent:build/tmp/expandedArchives/org.jacoco.agent-0.7.6.201602180812.jar_c6e4c8f58c148113c152dc0b1072a756/jacocoagent.jar=destfile=build/jacoco/test.exec,append=true,inclnolocationclasses=false,dumponexit=true,output=file,jmx=false -Dfile.encoding=windows-1252 -Duser.country=US -Duser.language=en -Duser.variant -ea 
java_command: worker.org.gradle.process.internal.worker.GradleWorkerMain 'Gradle Test Executor 1'
java_class_path (initial): C:\Users\212686307\.gradle\caches\4.5.1\workerMain\gradle-worker.jar;build/tmp/expandedArchives/org.jacoco.agent-0.7.6.201602180812.jar_c6e4c8f58c148113c152dc0b1072a756/jacocoagent.jar
Launcher Type: SUN_STANDARD

Environment Variables:
JAVA_HOME=C:\Program Files\Java\jdk1.8.0_151
CLASSPATH=C:\projects\crossblogs-java-se\\gradle\wrapper\gradle-wrapper.jar
PATH=C:\Program Files\Docker\Docker\Resources\bin;C:\app\212686307\product\11.2.0\client_1;C:\oraclexe\app\oracle\product\11.2.0\server\bin;C:\ProgramData\Oracle\Java\javapath;C:\Windows\system32;C:\Windows;C:\Windows\System32\Wbem;C:\Windows\System32\WindowsPowerShell\v1.0\;C:\Program Files (x86)\NVIDIA Corporation\PhysX\Common;C:\Program Files\Git\cmd;C:\nodejs\;C:\ProgramData\chocolatey\bin;C:\Program Files\Cloud Foundry;C:\predix;C:\Program Files\Java\jdk1.8.0_151\bin;C:\apache-maven-3.5.2\bin;C:\cygwin64\bin;C:*cygwin;C:\Program Files\DataStax Community\apache-cassandra\bin;C:\Go\bin;C:\Python27;C:\devtools\openresty-1.11.2.2-win32;C:\Program Files\erl9.2\bin;C:\Program Files (x86)\Elixir\bin;C:\Users\212686307\.mix\escripts;C:\atd;C:\cqlsh-4.0.1;C:\Program Files\PuTTY\;C:\WINDOWS\system32;C:\WINDOWS;C:\WINDOWS\System32\Wbem;C:\WINDOWS\System32\WindowsPowerShell\v1.0\;C:\Scoop\apps\yarn\current\Yarn\bin;C:\Scoop\apps\yarn\current\bin;C:\Scoop\shims;C:\Users\212686307\AppData\Local\Microsoft\WindowsApps;C:\Use;C:\Users\212686307\AppData\Roaming\npm;C:\Program Files\Microsoft VS Code\bin;C:\Users\212686307\AppData\Local\GitHubDesktop\bin;C:\Users\212686307\AppData\Local\Microsoft\WindowsApps
USERNAME=212686307
OS=Windows_NT
PROCESSOR_IDENTIFIER=Intel64 Family 6 Model 94 Stepping 3, GenuineIntel



---------------  S Y S T E M  ---------------

OS: Windows 10.0 , 64 bit Build 16299 (10.0.16299.15)

CPU:total 8 (initial active 8) (4 cores per cpu, 2 threads per core) family 6 model 94 stepping 3, cmov, cx8, fxsr, mmx, sse, sse2, sse3, ssse3, sse4.1, sse4.2, popcnt, avx, avx2, aes, clmul, erms, rtm, 3dnowpref, lzcnt, ht, tsc, tscinvbit, bmi1, bmi2, adx

Memory: 4k page, physical 16590804k(1928652k free), swap 20784084k(5608k free)

vm_info: Java HotSpot(TM) 64-Bit Server VM (25.151-b12) for windows-amd64 JRE (1.8.0_151-b12), built on Sep  5 2017 19:33:46 by "java_re" with MS VC++ 10.0 (VS2010)

time: Mon Apr 16 15:51:53 2018
elapsed time: 32 seconds (0d 0h 0m 32s)

